# JRE version: OpenJDK Runtime Environment (8.0_76-b03) (build 1.8.0_76-release-b03)
# Java VM: OpenJDK 64-Bit Server VM (25.76-b03 mixed mode windows-amd64 compressed oops)
Heap:
 PSYoungGen      total 119808K, used 101451K [0x00000000e0000000, 0x00000000e8680000, 0x0000000100000000)
  eden space 114176K, 84% used [0x00000000e0000000,0x00000000e5dd18f0,0x00000000e6f80000)
  from space 5632K, 95% used [0x00000000e8100000,0x00000000e8641568,0x00000000e8680000)
  to   space 11776K, 0% used [0x00000000e6f80000,0x00000000e6f80000,0x00000000e7b00000)
 ParOldGen       total 50176K, used 30984K [0x00000000a0000000, 0x00000000a3100000, 0x00000000e0000000)
  object space 50176K, 61% used [0x00000000a0000000,0x00000000a1e420a0,0x00000000a3100000)
 Metaspace       used 54535K, capacity 56064K, committed 56360K, reserved 1097728K
  class space    used 7102K, capacity 7408K, committed 7472K, reserved 1048576K
GC Heap History (10 events):
Event: 145.785 GC heap before
{Heap before GC invocations=19 (full 2):
 PSYoungGen      total 109056K, used 108569K [0x00000000e0000000, 0x00000000e7600000, 0x0000000100000000)
  eden space 100352K, 100% used [0x00000000e0000000,0x00000000e6200000,0x00000000e6200000)
  from space 8704K, 94% used [0x00000000e6b80000,0x00000000e73864b0,0x00000000e7400000)
  to   space 9728K, 0% used [0x00000000e6200000,0x00000000e6200000,0x00000000e6b80000)
 ParOldGen       total 50176K, used 21328K [0x00000000a0000000, 0x00000000a3100000, 0x00000000e0000000)
  object space 50176K, 42% used [0x00000000a0000000,0x00000000a14d42f0,0x00000000a3100000)
 Metaspace       used 50394K, capacity 51604K, committed 51880K, reserved 1093632K
  class space    used 6691K, capacity 6974K, committed 7088K, reserved 1048576K
Event: 146.214 GC heap after
Heap after GC invocations=19 (full 2):
 PSYoungGen      total 110080K, used 9722K [0x00000000e0000000, 0x00000000e8d80000, 0x0000000100000000)
  eden space 100352K, 0% used [0x00000000e0000000,0x00000000e0000000,0x00000000e6200000)
  from space 9728K, 99% used [0x00000000e6200000,0x00000000e6b7eb70,0x00000000e6b80000)
  to   space 13312K, 0% used [0x00000000e8080000,0x00000000e8080000,0x00000000e8d80000)
 ParOldGen       total 50176K, used 27454K [0x00000000a0000000, 0x00000000a3100000, 0x00000000e0000000)
  object space 50176K, 54% used [0x00000000a0000000,0x00000000a1acfa10,0x00000000a3100000)
 Metaspace       used 50394K, capacity 51604K, committed 51880K, reserved 1093632K
  class space    used 6691K, capacity 6974K, committed 7088K, reserved 1048576K
}
Event: 167.020 GC heap before
{Heap before GC invocations=20 (full 2):
 PSYoungGen      total 110080K, used 110074K [0x00000000e0000000, 0x00000000e8d80000, 0x0000000100000000)
  eden space 100352K, 100% used [0x00000000e0000000,0x00000000e6200000,0x00000000e6200000)
  from space 9728K, 99% used [0x00000000e6200000,0x00000000e6b7eb70,0x00000000e6b80000)
  to   space 13312K, 0% used [0x00000000e8080000,0x00000000e8080000,0x00000000e8d80000)
 ParOldGen       total 50176K, used 27454K [0x00000000a0000000, 0x00000000a3100000, 0x00000000e0000000)
  object space 50176K, 54% used [0x00000000a0000000,0x00000000a1acfa10,0x00000000a3100000)
 Metaspace       used 51269K, capacity 52614K, committed 52904K, reserved 1095680K
  class space    used 6764K, capacity 7059K, committed 7088K, reserved 1048576K
Event: 167.282 GC heap after
Heap after GC invocations=20 (full 2):
 PSYoungGen      total 132096K, used 5398K [0x00000000e0000000, 0x00000000e8e00000, 0x0000000100000000)
  eden space 118784K, 0% used [0x00000000e0000000,0x00000000e0000000,0x00000000e7400000)
  from space 13312K, 40% used [0x00000000e8080000,0x00000000e85c5910,0x00000000e8d80000)
  to   space 12800K, 0% used [0x00000000e7400000,0x00000000e7400000,0x00000000e8080000)
 ParOldGen       total 50176K, used 37011K [0x00000000a0000000, 0x00000000a3100000, 0x00000000e0000000)
  object space 50176K, 73% used [0x00000000a0000000,0x00000000a2424ea0,0x00000000a3100000)
 Metaspace       used 51269K, capacity 52614K, committed 52904K, reserved 1095680K
  class space    used 6764K, capacity 7059K, committed 7088K, reserved 1048576K
}
Event: 198.279 GC heap before
{Heap before GC invocations=21 (full 2):
 PSYoungGen      total 132096K, used 68942K [0x00000000e0000000, 0x00000000e8e00000, 0x0000000100000000)
  eden space 118784K, 53% used [0x00000000e0000000,0x00000000e3e0df58,0x00000000e7400000)
  from space 13312K, 40% used [0x00000000e8080000,0x00000000e85c5910,0x00000000e8d80000)
  to   space 12800K, 0% used [0x00000000e7400000,0x00000000e7400000,0x00000000e8080000)
 ParOldGen       total 50176K, used 37011K [0x00000000a0000000, 0x00000000a3100000, 0x00000000e0000000)
  object space 50176K, 73% used [0x00000000a0000000,0x00000000a2424ea0,0x00000000a3100000)
 Metaspace       used 53677K, capacity 54974K, committed 55208K, reserved 1097728K
  class space    used 7056K, capacity 7327K, committed 7344K, reserved 1048576K
Event: 198.643 GC heap after
Heap after GC invocations=21 (full 2):
 PSYoungGen      total 131584K, used 6864K [0x00000000e0000000, 0x00000000e8d00000, 0x0000000100000000)
  eden space 118784K, 0% used [0x00000000e0000000,0x00000000e0000000,0x00000000e7400000)
  from space 12800K, 53% used [0x00000000e7400000,0x00000000e7ab41d0,0x00000000e8080000)
  to   space 12288K, 0% used [0x00000000e8100000,0x00000000e8100000,0x00000000e8d00000)
 ParOldGen       total 50176K, used 37019K [0x00000000a0000000, 0x00000000a3100000, 0x00000000e0000000)
  object space 50176K, 73% used [0x00000000a0000000,0x00000000a2426ea0,0x00000000a3100000)
 Metaspace       used 53677K, capacity 54974K, committed 55208K, reserved 1097728K
  class space    used 7056K, capacity 7327K, committed 7344K, reserved 1048576K
}
Event: 198.644 GC heap before
{Heap before GC invocations=22 (full 3):
 PSYoungGen      total 131584K, used 6864K [0x00000000e0000000, 0x00000000e8d00000, 0x0000000100000000)
  eden space 118784K, 0% used [0x00000000e0000000,0x00000000e0000000,0x00000000e7400000)
  from space 12800K, 53% used [0x00000000e7400000,0x00000000e7ab41d0,0x00000000e8080000)
  to   space 12288K, 0% used [0x00000000e8100000,0x00000000e8100000,0x00000000e8d00000)
 ParOldGen       total 50176K, used 37019K [0x00000000a0000000, 0x00000000a3100000, 0x00000000e0000000)
  object space 50176K, 73% used [0x00000000a0000000,0x00000000a2426ea0,0x00000000a3100000)
 Metaspace       used 53677K, capacity 54974K, committed 55208K, reserved 1097728K
  class space    used 7056K, capacity 7327K, committed 7344K, reserved 1048576K
Event: 201.149 GC heap after
Heap after GC invocations=22 (full 3):
 PSYoungGen      total 131584K, used 0K [0x00000000e0000000, 0x00000000e8d00000, 0x0000000100000000)
  eden space 118784K, 0% used [0x00000000e0000000,0x00000000e0000000,0x00000000e7400000)
  from space 12800K, 0% used [0x00000000e7400000,0x00000000e7400000,0x00000000e8080000)
  to   space 12288K, 0% used [0x00000000e8100000,0x00000000e8100000,0x00000000e8d00000)
 ParOldGen       total 50176K, used 30976K [0x00000000a0000000, 0x00000000a3100000, 0x00000000e0000000)
  object space 50176K, 61% used [0x00000000a0000000,0x00000000a1e400a0,0x00000000a3100000)
 Metaspace       used 53664K, capacity 54936K, committed 55208K, reserved 1097728K
  class space    used 7051K, capacity 7318K, committed 7344K, reserved 1048576K
}
Event: 999.285 GC heap before
{Heap before GC invocations=23 (full 3):
 PSYoungGen      total 131584K, used 118784K [0x00000000e0000000, 0x00000000e8d00000, 0x0000000100000000)
  eden space 118784K, 100% used [0x00000000e0000000,0x00000000e7400000,0x00000000e7400000)
  from space 12800K, 0% used [0x00000000e7400000,0x00000000e7400000,0x00000000e8080000)
  to   space 12288K, 0% used [0x00000000e8100000,0x00000000e8100000,0x00000000e8d00000)
 ParOldGen       total 50176K, used 30976K [0x00000000a0000000, 0x00000000a3100000, 0x00000000e0000000)
  object space 50176K, 61% used [0x00000000a0000000,0x00000000a1e400a0,0x00000000a3100000)
 Metaspace       used 54367K, capacity 55852K, committed 56104K, reserved 1097728K
  class space    used 7094K, capacity 7394K, committed 7472K, reserved 1048576K
Event: 999.753 GC heap after
Heap after GC invocations=23 (full 3):
 PSYoungGen      total 119808K, used 5381K [0x00000000e0000000, 0x00000000e8680000, 0x0000000100000000)
  eden space 114176K, 0% used [0x00000000e0000000,0x00000000e0000000,0x00000000e6f80000)
  from space 5632K, 95% used [0x00000000e8100000,0x00000000e8641568,0x00000000e8680000)
  to   space 11776K, 0% used [0x00000000e6f80000,0x00000000e6f80000,0x00000000e7b00000)
 ParOldGen       total 50176K, used 30984K [0x00000000a0000000, 0x00000000a3100000, 0x00000000e0000000)
  object space 50176K, 61% used [0x00000000a0000000,0x00000000a1e420a0,0x00000000a3100000)
 Metaspace       used 54367K, capacity 55852K, committed 56104K, reserved 1097728K
  class space    used 7094K, capacity 7394K, committed 7472K, reserved 1048576K
}

